Determining if the pthread_create exist failed with the following output:
Change Dir: /home/seuiv/Projects/jinshuai/PoinTr/data/KITTI/data/CMakeFiles/CMakeTmp

Run Build Command:"/usr/bin/make" "cmTC_61469/fast"
/usr/bin/make -f CMakeFiles/cmTC_61469.dir/build.make CMakeFiles/cmTC_61469.dir/build
make[1]: Entering directory '/home/seuiv/Projects/jinshuai/PoinTr/data/KITTI/data/CMakeFiles/CMakeTmp'
Building C object CMakeFiles/cmTC_61469.dir/CheckSymbolExists.c.o
/usr/bin/cc    -o CMakeFiles/cmTC_61469.dir/CheckSymbolExists.c.o   -c /home/seuiv/Projects/jinshuai/PoinTr/data/KITTI/data/CMakeFiles/CMakeTmp/CheckSymbolExists.c
Linking C executable cmTC_61469
/usr/bin/cmake -E cmake_link_script CMakeFiles/cmTC_61469.dir/link.txt --verbose=1
/usr/bin/cc      -rdynamic CMakeFiles/cmTC_61469.dir/CheckSymbolExists.c.o  -o cmTC_61469 
CMakeFiles/cmTC_61469.dir/CheckSymbolExists.c.o: In function `main':
CheckSymbolExists.c:(.text+0x1b): undefined reference to `pthread_create'
collect2: error: ld returned 1 exit status
CMakeFiles/cmTC_61469.dir/build.make:97: recipe for target 'cmTC_61469' failed
make[1]: *** [cmTC_61469] Error 1
make[1]: Leaving directory '/home/seuiv/Projects/jinshuai/PoinTr/data/KITTI/data/CMakeFiles/CMakeTmp'
Makefile:126: recipe for target 'cmTC_61469/fast' failed
make: *** [cmTC_61469/fast] Error 2

File /home/seuiv/Projects/jinshuai/PoinTr/data/KITTI/data/CMakeFiles/CMakeTmp/CheckSymbolExists.c:
/* */
#include <pthread.h>

int main(int argc, char** argv)
{
  (void)argv;
#ifndef pthread_create
  return ((int*)(&pthread_create))[argc];
#else
  (void)argc;
  return 0;
#endif
}

Determining if the function pthread_create exists in the pthreads failed with the following output:
Change Dir: /home/seuiv/Projects/jinshuai/PoinTr/data/KITTI/data/CMakeFiles/CMakeTmp

Run Build Command:"/usr/bin/make" "cmTC_7cb01/fast"
/usr/bin/make -f CMakeFiles/cmTC_7cb01.dir/build.make CMakeFiles/cmTC_7cb01.dir/build
make[1]: Entering directory '/home/seuiv/Projects/jinshuai/PoinTr/data/KITTI/data/CMakeFiles/CMakeTmp'
Building C object CMakeFiles/cmTC_7cb01.dir/CheckFunctionExists.c.o
/usr/bin/cc   -DCHECK_FUNCTION_EXISTS=pthread_create   -o CMakeFiles/cmTC_7cb01.dir/CheckFunctionExists.c.o   -c /usr/share/cmake-3.10/Modules/CheckFunctionExists.c
Linking C executable cmTC_7cb01
/usr/bin/cmake -E cmake_link_script CMakeFiles/cmTC_7cb01.dir/link.txt --verbose=1
/usr/bin/cc  -DCHECK_FUNCTION_EXISTS=pthread_create    -rdynamic CMakeFiles/cmTC_7cb01.dir/CheckFunctionExists.c.o  -o cmTC_7cb01 -lpthreads 
/usr/bin/ld: cannot find -lpthreads
collect2: error: ld returned 1 exit status
CMakeFiles/cmTC_7cb01.dir/build.make:97: recipe for target 'cmTC_7cb01' failed
make[1]: *** [cmTC_7cb01] Error 1
make[1]: Leaving directory '/home/seuiv/Projects/jinshuai/PoinTr/data/KITTI/data/CMakeFiles/CMakeTmp'
Makefile:126: recipe for target 'cmTC_7cb01/fast' failed
make: *** [cmTC_7cb01/fast] Error 2


